<?xml version="1.0" encoding="UTF-8"?>
<!-- Generated by org.testng.reporters.JUnitXMLReporter -->
<testsuite ignored="0" hostname="DESKTOP-GU03B2P" failures="0" tests="4" name="FirefoxTest" time="71.413" errors="0" timestamp="2023-02-08T09:51:46 IST">
  <testcase classname="testPkg.TestNgStudyMaterial" name="checkOnAdditionalCalci" time="12.689"/>
  <testcase classname="testPkg.TestNgOnlineCalculator" name="checkOnAdditionalCalci" time="3.011"/>
  <testcase classname="testPkg.TestNgMathsCalculator" name="checkOnAdditionalCalci" time="1.815"/>
  <testcase classname="testPkg.TestNgAdditionalCalculator" name="checkOnAdditionalCalci" time="0.779"/>
</testsuite> <!-- FirefoxTest -->
