<?xml version="1.0" encoding="UTF-8"?>
<!-- Generated by org.testng.reporters.JUnitXMLReporter -->
<testsuite ignored="0" hostname="DESKTOP-GU03B2P" failures="0" tests="4" name="Test" time="60.38" errors="0" timestamp="2023-02-02T19:19:47 IST">
  <testcase classname="testPkg.TestNgStudyMaterial" name="checkOnAdditionalCalci" time="1.63"/>
  <testcase classname="testPkg.TestNgOnlineCalculator" name="checkOnAdditionalCalci" time="2.001"/>
  <testcase classname="testPkg.TestNgMathsCalculator" name="checkOnAdditionalCalci" time="1.827"/>
  <testcase classname="testPkg.TestNgAdditionalCalculator" name="checkOnAdditionalCalci" time="0.653"/>
</testsuite> <!-- Test -->
